{
  "RSpec": {
    "coverage": {
      "/Users/volchan/code/volchan/personal-projects/raid_scheduler/app/models/user.rb": [
        null,
        null,
        null,
        null,
        null,
        null,
        null,
        null,
        null,
        null,
        null,
        null,
        null,
        null,
        null,
        null,
        null,
        null,
        null,
        null,
        null,
        null,
        null,
        null,
        null,
        null,
        null,
        null,
        null,
        null,
        null,
        null,
        null,
        null,
        1,
        1,
        1,
        null,
        null,
        null,
        1,
        null,
        null,
        null,
        null,
        null,
        null,
        null,
        null,
        1,
        1,
        null,
        1,
        null
      ],
      "/Users/volchan/code/volchan/personal-projects/raid_scheduler/app/models/application_record.rb": [
        1,
        1,
        null
      ],
      "/Users/volchan/code/volchan/personal-projects/raid_scheduler/app/models/concerns/tokenizable.rb": [
        1,
        null,
        1,
        1,
        null,
        1,
        1,
        1,
        null,
        null,
        1,
        null,
        null,
        1,
        null,
        1,
        1,
        null,
        null,
        null,
        1,
        1,
        null,
        null,
        1,
        1,
        null,
        null,
        1,
        null,
        1,
        null,
        null,
        null,
        null
      ],
      "/Users/volchan/code/volchan/personal-projects/raid_scheduler/lib/Regex.rb": [
        1,
        1,
        1,
        1,
        null,
        null
      ],
      "/Users/volchan/code/volchan/personal-projects/raid_scheduler/app/mailers/application_mailer.rb": [
        0,
        0,
        0,
        0
      ],
      "/Users/volchan/code/volchan/personal-projects/raid_scheduler/app/graphql/types/base_field.rb": [
        0,
        0,
        0,
        null,
        0,
        0,
        0,
        0,
        0
      ],
      "/Users/volchan/code/volchan/personal-projects/raid_scheduler/app/graphql/types/base_input_object.rb": [
        0,
        0,
        0,
        0,
        0
      ],
      "/Users/volchan/code/volchan/personal-projects/raid_scheduler/app/graphql/types/base_enum.rb": [
        0,
        0,
        0,
        0
      ],
      "/Users/volchan/code/volchan/personal-projects/raid_scheduler/app/graphql/types/base_interface.rb": [
        0,
        0,
        0,
        0,
        0
      ],
      "/Users/volchan/code/volchan/personal-projects/raid_scheduler/app/graphql/types/base_scalar.rb": [
        0,
        0,
        0,
        0
      ],
      "/Users/volchan/code/volchan/personal-projects/raid_scheduler/app/graphql/types/mutation_type.rb": [
        0,
        0,
        0,
        0,
        0
      ],
      "/Users/volchan/code/volchan/personal-projects/raid_scheduler/app/graphql/types/query_type.rb": [
        0,
        0,
        0,
        0,
        0,
        0,
        0
      ],
      "/Users/volchan/code/volchan/personal-projects/raid_scheduler/app/graphql/types/base_argument.rb": [
        0,
        0,
        0,
        0
      ],
      "/Users/volchan/code/volchan/personal-projects/raid_scheduler/app/graphql/types/base_object.rb": [
        0,
        0,
        0,
        0
      ],
      "/Users/volchan/code/volchan/personal-projects/raid_scheduler/app/graphql/types/base_union.rb": [
        0,
        0,
        0,
        0
      ],
      "/Users/volchan/code/volchan/personal-projects/raid_scheduler/app/graphql/types/user_type.rb": [
        0,
        0,
        0,
        0,
        0,
        0,
        0,
        0
      ],
      "/Users/volchan/code/volchan/personal-projects/raid_scheduler/app/graphql/mutations/login_user.rb": [
        0,
        0,
        0,
        null,
        0,
        null,
        0,
        0,
        null,
        0,
        null,
        0,
        0,
        0,
        null,
        0,
        0,
        0,
        0,
        0,
        0,
        0
      ],
      "/Users/volchan/code/volchan/personal-projects/raid_scheduler/app/graphql/queries/me.rb": [
        0,
        0,
        0,
        null,
        0,
        null,
        0,
        0,
        0,
        0,
        0
      ],
      "/Users/volchan/code/volchan/personal-projects/raid_scheduler/app/graphql/raid_scheduler_schema.rb": [
        0,
        0,
        0,
        0
      ],
      "/Users/volchan/code/volchan/personal-projects/raid_scheduler/app/jobs/application_job.rb": [
        0,
        null,
        null,
        null,
        null,
        null,
        0
      ],
      "/Users/volchan/code/volchan/personal-projects/raid_scheduler/app/controllers/application_controller.rb": [
        0,
        0
      ],
      "/Users/volchan/code/volchan/personal-projects/raid_scheduler/app/controllers/graphql_controller.rb": [
        0,
        0,
        0,
        0,
        0,
        0,
        0,
        0,
        0,
        0,
        0,
        0,
        0,
        0,
        0,
        null,
        0,
        null,
        null,
        0,
        0,
        0,
        0,
        0,
        0,
        0,
        0,
        0,
        0,
        0,
        0,
        0,
        0,
        0,
        0,
        null,
        0,
        0,
        0,
        null,
        0,
        0,
        0
      ],
      "/Users/volchan/code/volchan/personal-projects/raid_scheduler/app/channels/application_cable/connection.rb": [
        0,
        0,
        0,
        0
      ],
      "/Users/volchan/code/volchan/personal-projects/raid_scheduler/app/channels/application_cable/channel.rb": [
        0,
        0,
        0,
        0
      ]
    },
    "timestamp": 1566939161
  }
}
